Equate elements:  no current cell.
Equate elements:  no current cell.

Subcircuit summary:
Circuit 1: CSRL_latch_half                 |Circuit 2: CSRL_latch_half                 
-------------------------------------------|-------------------------------------------
sky130_fd_pr__pfet_01v8 (4)                |sky130_fd_pr__pfet_01v8 (4)                
sky130_fd_pr__nfet_01v8 (3)                |sky130_fd_pr__nfet_01v8 (3)                
Number of devices: 7                       |Number of devices: 7                       
Number of nets: 8                          |Number of nets: 8                          
---------------------------------------------------------------------------------------
Resolving automorphisms by property value.
Resolving automorphisms by pin name.
Netlists match uniquely.
Circuits match correctly.

Subcircuit pins:
Circuit 1: CSRL_latch_half                 |Circuit 2: CSRL_latch_half                 
-------------------------------------------|-------------------------------------------
VN                                         |VN                                         
Db                                         |Db                                         
D                                          |D                                          
clk                                        |clk                                        
Q                                          |Q                                          
Qb                                         |Qb                                         
VP                                         |VP                                         
---------------------------------------------------------------------------------------
Cell pin lists are equivalent.
Device classes CSRL_latch_half and CSRL_latch_half are equivalent.

Subcircuit summary:
Circuit 1: CSRL_latch_half_top_lev.spice   |Circuit 2: CSRL_latch_half_top_layout.spic 
-------------------------------------------|-------------------------------------------
CSRL_latch_half (1)                        |CSRL_latch_half (1)                        
Number of devices: 1                       |Number of devices: 1                       
Number of nets: 7                          |Number of nets: 7                          
---------------------------------------------------------------------------------------
Circuits match uniquely.
Netlists match uniquely.
Cells have no pins;  pin matching not needed.
Device classes CSRL_latch_half_top_lev.spice and CSRL_latch_half_top_layout.spice are equivalent.
Circuits match uniquely.
